<?xml version="1.0" encoding="UTF-8"?>
<testsuite xmlns:xsi="http://www.w3.org/2001/XMLSchema-instance" xsi:noNamespaceSchemaLocation="https://maven.apache.org/surefire/maven-surefire-plugin/xsd/surefire-test-report-3.0.xsd" version="3.0" name="SQSTest" time="15.599" tests="3" errors="0" skipped="0" failures="0">
  <properties>
    <property name="sun.desktop" value="windows"/>
    <property name="awt.toolkit" value="sun.awt.windows.WToolkit"/>
    <property name="java.specification.version" value="11"/>
    <property name="sun.cpu.isalist" value="amd64"/>
    <property name="sun.jnu.encoding" value="Cp1252"/>
    <property name="java.class.path" value="D:\ztgg\drone_delivery\drone_delivery\drone_delivery\target\test-classes;D:\ztgg\drone_delivery\drone_delivery\drone_delivery\target\classes;C:\Users\jiase\.m2\repository\com\amazonaws\aws-lambda-java-core\1.2.2\aws-lambda-java-core-1.2.2.jar;C:\Users\jiase\.m2\repository\com\amazonaws\aws-lambda-java-events\3.11.1\aws-lambda-java-events-3.11.1.jar;C:\Users\jiase\.m2\repository\joda-time\joda-time\2.10.8\joda-time-2.10.8.jar;C:\Users\jiase\.m2\repository\software\amazon\awssdk\dynamodb\2.25.50\dynamodb-2.25.50.jar;C:\Users\jiase\.m2\repository\software\amazon\awssdk\aws-json-protocol\2.25.50\aws-json-protocol-2.25.50.jar;C:\Users\jiase\.m2\repository\software\amazon\awssdk\third-party-jackson-core\2.25.50\third-party-jackson-core-2.25.50.jar;C:\Users\jiase\.m2\repository\software\amazon\awssdk\protocol-core\2.25.50\protocol-core-2.25.50.jar;C:\Users\jiase\.m2\repository\software\amazon\awssdk\profiles\2.25.50\profiles-2.25.50.jar;C:\Users\jiase\.m2\repository\software\amazon\awssdk\http-auth-aws\2.25.50\http-auth-aws-2.25.50.jar;C:\Users\jiase\.m2\repository\software\amazon\awssdk\checksums-spi\2.25.50\checksums-spi-2.25.50.jar;C:\Users\jiase\.m2\repository\software\amazon\awssdk\checksums\2.25.50\checksums-2.25.50.jar;C:\Users\jiase\.m2\repository\software\amazon\awssdk\sdk-core\2.25.50\sdk-core-2.25.50.jar;C:\Users\jiase\.m2\repository\org\reactivestreams\reactive-streams\1.0.4\reactive-streams-1.0.4.jar;C:\Users\jiase\.m2\repository\software\amazon\awssdk\auth\2.25.50\auth-2.25.50.jar;C:\Users\jiase\.m2\repository\software\amazon\eventstream\eventstream\1.0.1\eventstream-1.0.1.jar;C:\Users\jiase\.m2\repository\software\amazon\awssdk\http-auth-spi\2.25.50\http-auth-spi-2.25.50.jar;C:\Users\jiase\.m2\repository\software\amazon\awssdk\http-auth\2.25.50\http-auth-2.25.50.jar;C:\Users\jiase\.m2\repository\software\amazon\awssdk\identity-spi\2.25.50\identity-spi-2.25.50.jar;C:\Users\jiase\.m2\repository\software\amazon\awssdk\http-client-spi\2.25.50\http-client-spi-2.25.50.jar;C:\Users\jiase\.m2\repository\software\amazon\awssdk\annotations\2.25.50\annotations-2.25.50.jar;C:\Users\jiase\.m2\repository\software\amazon\awssdk\utils\2.25.50\utils-2.25.50.jar;C:\Users\jiase\.m2\repository\software\amazon\awssdk\aws-core\2.25.50\aws-core-2.25.50.jar;C:\Users\jiase\.m2\repository\software\amazon\awssdk\metrics-spi\2.25.50\metrics-spi-2.25.50.jar;C:\Users\jiase\.m2\repository\software\amazon\awssdk\json-utils\2.25.50\json-utils-2.25.50.jar;C:\Users\jiase\.m2\repository\software\amazon\awssdk\endpoints-spi\2.25.50\endpoints-spi-2.25.50.jar;C:\Users\jiase\.m2\repository\software\amazon\awssdk\apache-client\2.25.50\apache-client-2.25.50.jar;C:\Users\jiase\.m2\repository\org\apache\httpcomponents\httpclient\4.5.13\httpclient-4.5.13.jar;C:\Users\jiase\.m2\repository\commons-logging\commons-logging\1.2\commons-logging-1.2.jar;C:\Users\jiase\.m2\repository\org\apache\httpcomponents\httpcore\4.4.13\httpcore-4.4.13.jar;C:\Users\jiase\.m2\repository\commons-codec\commons-codec\1.15\commons-codec-1.15.jar;C:\Users\jiase\.m2\repository\software\amazon\awssdk\netty-nio-client\2.25.50\netty-nio-client-2.25.50.jar;C:\Users\jiase\.m2\repository\io\netty\netty-codec-http\4.1.108.Final\netty-codec-http-4.1.108.Final.jar;C:\Users\jiase\.m2\repository\io\netty\netty-codec-http2\4.1.108.Final\netty-codec-http2-4.1.108.Final.jar;C:\Users\jiase\.m2\repository\io\netty\netty-codec\4.1.108.Final\netty-codec-4.1.108.Final.jar;C:\Users\jiase\.m2\repository\io\netty\netty-transport\4.1.108.Final\netty-transport-4.1.108.Final.jar;C:\Users\jiase\.m2\repository\io\netty\netty-common\4.1.108.Final\netty-common-4.1.108.Final.jar;C:\Users\jiase\.m2\repository\io\netty\netty-buffer\4.1.108.Final\netty-buffer-4.1.108.Final.jar;C:\Users\jiase\.m2\repository\io\netty\netty-handler\4.1.108.Final\netty-handler-4.1.108.Final.jar;C:\Users\jiase\.m2\repository\io\netty\netty-transport-native-unix-common\4.1.108.Final\netty-transport-native-unix-common-4.1.108.Final.jar;C:\Users\jiase\.m2\repository\io\netty\netty-transport-classes-epoll\4.1.108.Final\netty-transport-classes-epoll-4.1.108.Final.jar;C:\Users\jiase\.m2\repository\io\netty\netty-resolver\4.1.108.Final\netty-resolver-4.1.108.Final.jar;C:\Users\jiase\.m2\repository\software\amazon\awssdk\sqs\2.25.50\sqs-2.25.50.jar;C:\Users\jiase\.m2\repository\software\amazon\awssdk\sns\2.25.50\sns-2.25.50.jar;C:\Users\jiase\.m2\repository\software\amazon\awssdk\aws-query-protocol\2.25.50\aws-query-protocol-2.25.50.jar;C:\Users\jiase\.m2\repository\software\amazon\awssdk\regions\2.25.50\regions-2.25.50.jar;C:\Users\jiase\.m2\repository\org\slf4j\slf4j-api\1.7.30\slf4j-api-1.7.30.jar;C:\Users\jiase\.m2\repository\com\fasterxml\jackson\core\jackson-databind\2.12.3\jackson-databind-2.12.3.jar;C:\Users\jiase\.m2\repository\com\fasterxml\jackson\core\jackson-annotations\2.12.3\jackson-annotations-2.12.3.jar;C:\Users\jiase\.m2\repository\com\fasterxml\jackson\core\jackson-core\2.12.3\jackson-core-2.12.3.jar;C:\Users\jiase\.m2\repository\com\amazonaws\aws-lambda-java-log4j2\1.5.1\aws-lambda-java-log4j2-1.5.1.jar;C:\Users\jiase\.m2\repository\org\apache\logging\log4j\log4j-core\2.17.1\log4j-core-2.17.1.jar;C:\Users\jiase\.m2\repository\org\apache\logging\log4j\log4j-api\2.17.1\log4j-api-2.17.1.jar;C:\Users\jiase\.m2\repository\org\mockito\mockito-core\4.5.1\mockito-core-4.5.1.jar;C:\Users\jiase\.m2\repository\net\bytebuddy\byte-buddy\1.12.9\byte-buddy-1.12.9.jar;C:\Users\jiase\.m2\repository\net\bytebuddy\byte-buddy-agent\1.12.9\byte-buddy-agent-1.12.9.jar;C:\Users\jiase\.m2\repository\org\objenesis\objenesis\3.2\objenesis-3.2.jar;C:\Users\jiase\.m2\repository\junit\junit\4.13.2\junit-4.13.2.jar;C:\Users\jiase\.m2\repository\org\hamcrest\hamcrest-core\1.3\hamcrest-core-1.3.jar;"/>
    <property name="java.vm.vendor" value="Oracle Corporation"/>
    <property name="sun.arch.data.model" value="64"/>
    <property name="user.variant" value=""/>
    <property name="java.vendor.url" value="https://openjdk.java.net/"/>
    <property name="user.timezone" value="America/Los_Angeles"/>
    <property name="java.vm.specification.version" value="11"/>
    <property name="os.name" value="Windows 11"/>
    <property name="sun.java.launcher" value="SUN_STANDARD"/>
    <property name="user.country" value="CA"/>
    <property name="sun.boot.library.path" value="C:\Program Files\Java\jdk-11.0.16.1\bin"/>
    <property name="sun.java.command" value="C:\Users\jiase\AppData\Local\Temp\surefire14691977956234596236\surefirebooter-20240514182605153_3.jar C:\Users\jiase\AppData\Local\Temp\surefire14691977956234596236 2024-05-14T18-26-04_136-jvmRun1 surefire-20240514182605153_1tmp surefire_0-20240514182605153_2tmp"/>
    <property name="jdk.debug" value="release"/>
    <property name="surefire.test.class.path" value="D:\ztgg\drone_delivery\drone_delivery\drone_delivery\target\test-classes;D:\ztgg\drone_delivery\drone_delivery\drone_delivery\target\classes;C:\Users\jiase\.m2\repository\com\amazonaws\aws-lambda-java-core\1.2.2\aws-lambda-java-core-1.2.2.jar;C:\Users\jiase\.m2\repository\com\amazonaws\aws-lambda-java-events\3.11.1\aws-lambda-java-events-3.11.1.jar;C:\Users\jiase\.m2\repository\joda-time\joda-time\2.10.8\joda-time-2.10.8.jar;C:\Users\jiase\.m2\repository\software\amazon\awssdk\dynamodb\2.25.50\dynamodb-2.25.50.jar;C:\Users\jiase\.m2\repository\software\amazon\awssdk\aws-json-protocol\2.25.50\aws-json-protocol-2.25.50.jar;C:\Users\jiase\.m2\repository\software\amazon\awssdk\third-party-jackson-core\2.25.50\third-party-jackson-core-2.25.50.jar;C:\Users\jiase\.m2\repository\software\amazon\awssdk\protocol-core\2.25.50\protocol-core-2.25.50.jar;C:\Users\jiase\.m2\repository\software\amazon\awssdk\profiles\2.25.50\profiles-2.25.50.jar;C:\Users\jiase\.m2\repository\software\amazon\awssdk\http-auth-aws\2.25.50\http-auth-aws-2.25.50.jar;C:\Users\jiase\.m2\repository\software\amazon\awssdk\checksums-spi\2.25.50\checksums-spi-2.25.50.jar;C:\Users\jiase\.m2\repository\software\amazon\awssdk\checksums\2.25.50\checksums-2.25.50.jar;C:\Users\jiase\.m2\repository\software\amazon\awssdk\sdk-core\2.25.50\sdk-core-2.25.50.jar;C:\Users\jiase\.m2\repository\org\reactivestreams\reactive-streams\1.0.4\reactive-streams-1.0.4.jar;C:\Users\jiase\.m2\repository\software\amazon\awssdk\auth\2.25.50\auth-2.25.50.jar;C:\Users\jiase\.m2\repository\software\amazon\eventstream\eventstream\1.0.1\eventstream-1.0.1.jar;C:\Users\jiase\.m2\repository\software\amazon\awssdk\http-auth-spi\2.25.50\http-auth-spi-2.25.50.jar;C:\Users\jiase\.m2\repository\software\amazon\awssdk\http-auth\2.25.50\http-auth-2.25.50.jar;C:\Users\jiase\.m2\repository\software\amazon\awssdk\identity-spi\2.25.50\identity-spi-2.25.50.jar;C:\Users\jiase\.m2\repository\software\amazon\awssdk\http-client-spi\2.25.50\http-client-spi-2.25.50.jar;C:\Users\jiase\.m2\repository\software\amazon\awssdk\annotations\2.25.50\annotations-2.25.50.jar;C:\Users\jiase\.m2\repository\software\amazon\awssdk\utils\2.25.50\utils-2.25.50.jar;C:\Users\jiase\.m2\repository\software\amazon\awssdk\aws-core\2.25.50\aws-core-2.25.50.jar;C:\Users\jiase\.m2\repository\software\amazon\awssdk\metrics-spi\2.25.50\metrics-spi-2.25.50.jar;C:\Users\jiase\.m2\repository\software\amazon\awssdk\json-utils\2.25.50\json-utils-2.25.50.jar;C:\Users\jiase\.m2\repository\software\amazon\awssdk\endpoints-spi\2.25.50\endpoints-spi-2.25.50.jar;C:\Users\jiase\.m2\repository\software\amazon\awssdk\apache-client\2.25.50\apache-client-2.25.50.jar;C:\Users\jiase\.m2\repository\org\apache\httpcomponents\httpclient\4.5.13\httpclient-4.5.13.jar;C:\Users\jiase\.m2\repository\commons-logging\commons-logging\1.2\commons-logging-1.2.jar;C:\Users\jiase\.m2\repository\org\apache\httpcomponents\httpcore\4.4.13\httpcore-4.4.13.jar;C:\Users\jiase\.m2\repository\commons-codec\commons-codec\1.15\commons-codec-1.15.jar;C:\Users\jiase\.m2\repository\software\amazon\awssdk\netty-nio-client\2.25.50\netty-nio-client-2.25.50.jar;C:\Users\jiase\.m2\repository\io\netty\netty-codec-http\4.1.108.Final\netty-codec-http-4.1.108.Final.jar;C:\Users\jiase\.m2\repository\io\netty\netty-codec-http2\4.1.108.Final\netty-codec-http2-4.1.108.Final.jar;C:\Users\jiase\.m2\repository\io\netty\netty-codec\4.1.108.Final\netty-codec-4.1.108.Final.jar;C:\Users\jiase\.m2\repository\io\netty\netty-transport\4.1.108.Final\netty-transport-4.1.108.Final.jar;C:\Users\jiase\.m2\repository\io\netty\netty-common\4.1.108.Final\netty-common-4.1.108.Final.jar;C:\Users\jiase\.m2\repository\io\netty\netty-buffer\4.1.108.Final\netty-buffer-4.1.108.Final.jar;C:\Users\jiase\.m2\repository\io\netty\netty-handler\4.1.108.Final\netty-handler-4.1.108.Final.jar;C:\Users\jiase\.m2\repository\io\netty\netty-transport-native-unix-common\4.1.108.Final\netty-transport-native-unix-common-4.1.108.Final.jar;C:\Users\jiase\.m2\repository\io\netty\netty-transport-classes-epoll\4.1.108.Final\netty-transport-classes-epoll-4.1.108.Final.jar;C:\Users\jiase\.m2\repository\io\netty\netty-resolver\4.1.108.Final\netty-resolver-4.1.108.Final.jar;C:\Users\jiase\.m2\repository\software\amazon\awssdk\sqs\2.25.50\sqs-2.25.50.jar;C:\Users\jiase\.m2\repository\software\amazon\awssdk\sns\2.25.50\sns-2.25.50.jar;C:\Users\jiase\.m2\repository\software\amazon\awssdk\aws-query-protocol\2.25.50\aws-query-protocol-2.25.50.jar;C:\Users\jiase\.m2\repository\software\amazon\awssdk\regions\2.25.50\regions-2.25.50.jar;C:\Users\jiase\.m2\repository\org\slf4j\slf4j-api\1.7.30\slf4j-api-1.7.30.jar;C:\Users\jiase\.m2\repository\com\fasterxml\jackson\core\jackson-databind\2.12.3\jackson-databind-2.12.3.jar;C:\Users\jiase\.m2\repository\com\fasterxml\jackson\core\jackson-annotations\2.12.3\jackson-annotations-2.12.3.jar;C:\Users\jiase\.m2\repository\com\fasterxml\jackson\core\jackson-core\2.12.3\jackson-core-2.12.3.jar;C:\Users\jiase\.m2\repository\com\amazonaws\aws-lambda-java-log4j2\1.5.1\aws-lambda-java-log4j2-1.5.1.jar;C:\Users\jiase\.m2\repository\org\apache\logging\log4j\log4j-core\2.17.1\log4j-core-2.17.1.jar;C:\Users\jiase\.m2\repository\org\apache\logging\log4j\log4j-api\2.17.1\log4j-api-2.17.1.jar;C:\Users\jiase\.m2\repository\org\mockito\mockito-core\4.5.1\mockito-core-4.5.1.jar;C:\Users\jiase\.m2\repository\net\bytebuddy\byte-buddy\1.12.9\byte-buddy-1.12.9.jar;C:\Users\jiase\.m2\repository\net\bytebuddy\byte-buddy-agent\1.12.9\byte-buddy-agent-1.12.9.jar;C:\Users\jiase\.m2\repository\org\objenesis\objenesis\3.2\objenesis-3.2.jar;C:\Users\jiase\.m2\repository\junit\junit\4.13.2\junit-4.13.2.jar;C:\Users\jiase\.m2\repository\org\hamcrest\hamcrest-core\1.3\hamcrest-core-1.3.jar;"/>
    <property name="sun.cpu.endian" value="little"/>
    <property name="user.home" value="C:\Users\jiase"/>
    <property name="user.language" value="en"/>
    <property name="java.specification.vendor" value="Oracle Corporation"/>
    <property name="java.version.date" value="2022-08-18"/>
    <property name="java.home" value="C:\Program Files\Java\jdk-11.0.16.1"/>
    <property name="file.separator" value="\"/>
    <property name="basedir" value="D:\ztgg\drone_delivery\drone_delivery\drone_delivery"/>
    <property name="java.vm.compressedOopsMode" value="Zero based"/>
    <property name="line.separator" value="&#10;"/>
    <property name="java.specification.name" value="Java Platform API Specification"/>
    <property name="java.vm.specification.vendor" value="Oracle Corporation"/>
    <property name="java.awt.graphicsenv" value="sun.awt.Win32GraphicsEnvironment"/>
    <property name="surefire.real.class.path" value="C:\Users\jiase\AppData\Local\Temp\surefire14691977956234596236\surefirebooter-20240514182605153_3.jar"/>
    <property name="user.script" value=""/>
    <property name="sun.management.compiler" value="HotSpot 64-Bit Tiered Compilers"/>
    <property name="java.runtime.version" value="11.0.16.1+1-LTS-1"/>
    <property name="user.name" value="jiase"/>
    <property name="path.separator" value=";"/>
    <property name="os.version" value="10.0"/>
    <property name="java.runtime.name" value="Java(TM) SE Runtime Environment"/>
    <property name="file.encoding" value="Cp1252"/>
    <property name="java.vm.name" value="Java HotSpot(TM) 64-Bit Server VM"/>
    <property name="java.vendor.version" value="18.9"/>
    <property name="localRepository" value="C:\Users\jiase\.m2\repository"/>
    <property name="java.vendor.url.bug" value="https://bugreport.java.com/bugreport/"/>
    <property name="java.io.tmpdir" value="C:\Users\jiase\AppData\Local\Temp\"/>
    <property name="java.version" value="11.0.16.1"/>
    <property name="user.dir" value="D:\ztgg\drone_delivery\drone_delivery\drone_delivery"/>
    <property name="os.arch" value="amd64"/>
    <property name="java.vm.specification.name" value="Java Virtual Machine Specification"/>
    <property name="java.awt.printerjob" value="sun.awt.windows.WPrinterJob"/>
    <property name="sun.os.patch.level" value=""/>
    <property name="java.library.path" value="C:\Program Files\Java\jdk-11.0.16.1\bin;C:\WINDOWS\Sun\Java\bin;C:\WINDOWS\system32;C:\WINDOWS;C:\Users\jiase\anaconda3;C:\Users\jiase\anaconda3\Library\mingw-w64\bin;C:\Users\jiase\anaconda3\Library\usr\bin;C:\Users\jiase\anaconda3\Library\bin;C:\Users\jiase\anaconda3\Scripts;C:\Users\jiase\anaconda3\bin;C:\Users\jiase\anaconda3\condabin;C:\Program Files (x86)\VMware\VMware Player\bin;C:\Program Files\Common Files\Oracle\Java\javapath;C:\Program Files (x86)\Common Files\Oracle\Java\javapath;C:\WINDOWS\system32;C:\WINDOWS;C:\WINDOWS\System32\Wbem;C:\WINDOWS\System32\WindowsPowerShell\v1.0;C:\WINDOWS\System32\OpenSSH;C:\Program Files\Intel\WiFi\bin;C:\Program Files\Common Files\Intel\WirelessCommon;C:\Program Files\MATLAB\R2020a\bin;C:\Program Files\Git\cmd;C:\Program Files\PuTTY;C:\PROGRA~2\PEAKFI~1.12;C:\Program Files\Microsoft SQL Server\Client SDK\ODBC\170\Tools\Binn;C:\Program Files (x86)\Microsoft SQL Server\150\Tools\Binn;C:\Program Files\Microsoft SQL Server\150\Tools\Binn;C:\Program Files\Microsoft SQL Server\150\DTS\Binn;C:\Program Files\Azure Data Studio\bin;C:\Program Files\nodejs;C:\Program Files\Docker\Docker\resources\bin;c:\Program Files (x86)\Intel\Intel(R) Management Engine Components\DAL;c:\Program Files\Intel\Intel(R) Management Engine Components\DAL;C:\Program Files\Amazon\AWSCLIV2;C:\Program Files\Apache\maven\bin;C:\Users\jiase\AppData\Local\Programs\Python\Python310\Scripts;C:\Users\jiase\AppData\Local\Programs\Python\Python310;C:\Users\jiase\AppData\Local\Microsoft\WindowsApps;C:\Users\jiase\AppData\Local\Programs\Microsoft VS Code\bin;C:\Users\jiase\AppData\Local\GitHubDesktop\bin;C:\Program Files\Azure Data Studio\bin;C:\Users\jiase\AppData\Roaming\npm;C:\Program Files\Java\jdk-11.0.16.1\bin;D:\redis;.;D:\pycharm\PyCharm 2023.2.1\bin;.;."/>
    <property name="java.vendor" value="Oracle Corporation"/>
    <property name="java.vm.info" value="mixed mode"/>
    <property name="java.vm.version" value="11.0.16.1+1-LTS-1"/>
    <property name="sun.io.unicode.encoding" value="UnicodeLittle"/>
    <property name="java.class.version" value="55.0"/>
  </properties>
  <testcase name="testDeleteMessage" classname="SQSTest" time="14.155">
    <system-err><![CDATA[SLF4J: Failed to load class "org.slf4j.impl.StaticLoggerBinder".
SLF4J: Defaulting to no-operation (NOP) logger implementation
SLF4J: See http://www.slf4j.org/codes.html#StaticLoggerBinder for further details.
]]></system-err>
  </testcase>
  <testcase name="testSendMessage" classname="SQSTest" time="0.56"/>
  <testcase name="testReceiveMessage" classname="SQSTest" time="0.688"/>
</testsuite>